<?xml version="1.0" encoding="UTF-8"?>
<testsuite xmlns:xsi="http://www.w3.org/2001/XMLSchema-instance" xsi:noNamespaceSchemaLocation="https://maven.apache.org/surefire/maven-surefire-plugin/xsd/surefire-test-report.xsd" name="UpdateUserTest" time="8.636" tests="9" errors="0" skipped="0" failures="0">
  <properties>
    <property name="gopherProxySet" value="false"/>
    <property name="awt.toolkit" value="sun.lwawt.macosx.LWCToolkit"/>
    <property name="java.specification.version" value="11"/>
    <property name="sun.cpu.isalist" value=""/>
    <property name="sun.jnu.encoding" value="UTF-8"/>
    <property name="java.class.path" value="/Users/viktorbirukov/Downloads/Diplom_2/target/test-classes:/Users/viktorbirukov/Downloads/Diplom_2/target/classes:/Users/viktorbirukov/.m2/repository/io/rest-assured/rest-assured/3.1.0/rest-assured-3.1.0.jar:/Users/viktorbirukov/.m2/repository/org/codehaus/groovy/groovy/2.4.12/groovy-2.4.12.jar:/Users/viktorbirukov/.m2/repository/org/codehaus/groovy/groovy-xml/2.4.12/groovy-xml-2.4.12.jar:/Users/viktorbirukov/.m2/repository/org/apache/httpcomponents/httpclient/4.5.3/httpclient-4.5.3.jar:/Users/viktorbirukov/.m2/repository/org/apache/httpcomponents/httpcore/4.4.6/httpcore-4.4.6.jar:/Users/viktorbirukov/.m2/repository/commons-logging/commons-logging/1.2/commons-logging-1.2.jar:/Users/viktorbirukov/.m2/repository/commons-codec/commons-codec/1.9/commons-codec-1.9.jar:/Users/viktorbirukov/.m2/repository/org/apache/httpcomponents/httpmime/4.5.1/httpmime-4.5.1.jar:/Users/viktorbirukov/.m2/repository/org/hamcrest/hamcrest-core/1.3/hamcrest-core-1.3.jar:/Users/viktorbirukov/.m2/repository/org/hamcrest/hamcrest-library/1.3/hamcrest-library-1.3.jar:/Users/viktorbirukov/.m2/repository/org/ccil/cowan/tagsoup/tagsoup/1.2.1/tagsoup-1.2.1.jar:/Users/viktorbirukov/.m2/repository/io/rest-assured/json-path/3.1.0/json-path-3.1.0.jar:/Users/viktorbirukov/.m2/repository/org/codehaus/groovy/groovy-json/2.4.12/groovy-json-2.4.12.jar:/Users/viktorbirukov/.m2/repository/io/rest-assured/rest-assured-common/3.1.0/rest-assured-common-3.1.0.jar:/Users/viktorbirukov/.m2/repository/io/rest-assured/xml-path/3.1.0/xml-path-3.1.0.jar:/Users/viktorbirukov/.m2/repository/org/apache/commons/commons-lang3/3.4/commons-lang3-3.4.jar:/Users/viktorbirukov/.m2/repository/javax/xml/bind/jaxb-api/2.2.12/jaxb-api-2.2.12.jar:/Users/viktorbirukov/.m2/repository/junit/junit/4.13.2/junit-4.13.2.jar:/Users/viktorbirukov/.m2/repository/com/fasterxml/jackson/core/jackson-databind/2.13.1/jackson-databind-2.13.1.jar:/Users/viktorbirukov/.m2/repository/com/fasterxml/jackson/core/jackson-annotations/2.13.1/jackson-annotations-2.13.1.jar:/Users/viktorbirukov/.m2/repository/com/fasterxml/jackson/core/jackson-core/2.13.1/jackson-core-2.13.1.jar:/Users/viktorbirukov/.m2/repository/io/qameta/allure/allure-junit4/2.17.2/allure-junit4-2.17.2.jar:/Users/viktorbirukov/.m2/repository/io/qameta/allure/allure-java-commons/2.17.2/allure-java-commons-2.17.2.jar:/Users/viktorbirukov/.m2/repository/org/slf4j/slf4j-api/1.7.30/slf4j-api-1.7.30.jar:/Users/viktorbirukov/.m2/repository/io/qameta/allure/allure-model/2.17.2/allure-model-2.17.2.jar:/Users/viktorbirukov/.m2/repository/io/qameta/allure/allure-rest-assured/2.17.2/allure-rest-assured-2.17.2.jar:/Users/viktorbirukov/.m2/repository/io/qameta/allure/allure-attachments/2.17.2/allure-attachments-2.17.2.jar:/Users/viktorbirukov/.m2/repository/org/freemarker/freemarker/2.3.31/freemarker-2.3.31.jar:"/>
    <property name="java.vm.vendor" value="Amazon.com Inc."/>
    <property name="sun.arch.data.model" value="64"/>
    <property name="java.vendor.url" value="https://aws.amazon.com/corretto/"/>
    <property name="user.timezone" value=""/>
    <property name="java.vm.specification.version" value="11"/>
    <property name="os.name" value="Mac OS X"/>
    <property name="sun.java.launcher" value="SUN_STANDARD"/>
    <property name="user.country" value="RU"/>
    <property name="sun.boot.library.path" value="/Library/Java/JavaVirtualMachines/amazon-corretto-11.jdk/Contents/Home/lib"/>
    <property name="sun.java.command" value="/Users/viktorbirukov/Downloads/Diplom_2/target/surefire/surefirebooter5448980039380644853.jar /Users/viktorbirukov/Downloads/Diplom_2/target/surefire 2023-01-22T13-04-35_803-jvmRun1 surefire14179645629340823489tmp surefire_02884740600537599883tmp"/>
    <property name="http.nonProxyHosts" value="local|*.local|169.254/16|*.169.254/16"/>
    <property name="jdk.debug" value="release"/>
    <property name="surefire.test.class.path" value="/Users/viktorbirukov/Downloads/Diplom_2/target/test-classes:/Users/viktorbirukov/Downloads/Diplom_2/target/classes:/Users/viktorbirukov/.m2/repository/io/rest-assured/rest-assured/3.1.0/rest-assured-3.1.0.jar:/Users/viktorbirukov/.m2/repository/org/codehaus/groovy/groovy/2.4.12/groovy-2.4.12.jar:/Users/viktorbirukov/.m2/repository/org/codehaus/groovy/groovy-xml/2.4.12/groovy-xml-2.4.12.jar:/Users/viktorbirukov/.m2/repository/org/apache/httpcomponents/httpclient/4.5.3/httpclient-4.5.3.jar:/Users/viktorbirukov/.m2/repository/org/apache/httpcomponents/httpcore/4.4.6/httpcore-4.4.6.jar:/Users/viktorbirukov/.m2/repository/commons-logging/commons-logging/1.2/commons-logging-1.2.jar:/Users/viktorbirukov/.m2/repository/commons-codec/commons-codec/1.9/commons-codec-1.9.jar:/Users/viktorbirukov/.m2/repository/org/apache/httpcomponents/httpmime/4.5.1/httpmime-4.5.1.jar:/Users/viktorbirukov/.m2/repository/org/hamcrest/hamcrest-core/1.3/hamcrest-core-1.3.jar:/Users/viktorbirukov/.m2/repository/org/hamcrest/hamcrest-library/1.3/hamcrest-library-1.3.jar:/Users/viktorbirukov/.m2/repository/org/ccil/cowan/tagsoup/tagsoup/1.2.1/tagsoup-1.2.1.jar:/Users/viktorbirukov/.m2/repository/io/rest-assured/json-path/3.1.0/json-path-3.1.0.jar:/Users/viktorbirukov/.m2/repository/org/codehaus/groovy/groovy-json/2.4.12/groovy-json-2.4.12.jar:/Users/viktorbirukov/.m2/repository/io/rest-assured/rest-assured-common/3.1.0/rest-assured-common-3.1.0.jar:/Users/viktorbirukov/.m2/repository/io/rest-assured/xml-path/3.1.0/xml-path-3.1.0.jar:/Users/viktorbirukov/.m2/repository/org/apache/commons/commons-lang3/3.4/commons-lang3-3.4.jar:/Users/viktorbirukov/.m2/repository/javax/xml/bind/jaxb-api/2.2.12/jaxb-api-2.2.12.jar:/Users/viktorbirukov/.m2/repository/junit/junit/4.13.2/junit-4.13.2.jar:/Users/viktorbirukov/.m2/repository/com/fasterxml/jackson/core/jackson-databind/2.13.1/jackson-databind-2.13.1.jar:/Users/viktorbirukov/.m2/repository/com/fasterxml/jackson/core/jackson-annotations/2.13.1/jackson-annotations-2.13.1.jar:/Users/viktorbirukov/.m2/repository/com/fasterxml/jackson/core/jackson-core/2.13.1/jackson-core-2.13.1.jar:/Users/viktorbirukov/.m2/repository/io/qameta/allure/allure-junit4/2.17.2/allure-junit4-2.17.2.jar:/Users/viktorbirukov/.m2/repository/io/qameta/allure/allure-java-commons/2.17.2/allure-java-commons-2.17.2.jar:/Users/viktorbirukov/.m2/repository/org/slf4j/slf4j-api/1.7.30/slf4j-api-1.7.30.jar:/Users/viktorbirukov/.m2/repository/io/qameta/allure/allure-model/2.17.2/allure-model-2.17.2.jar:/Users/viktorbirukov/.m2/repository/io/qameta/allure/allure-rest-assured/2.17.2/allure-rest-assured-2.17.2.jar:/Users/viktorbirukov/.m2/repository/io/qameta/allure/allure-attachments/2.17.2/allure-attachments-2.17.2.jar:/Users/viktorbirukov/.m2/repository/org/freemarker/freemarker/2.3.31/freemarker-2.3.31.jar:"/>
    <property name="sun.cpu.endian" value="little"/>
    <property name="allure.results.directory" value="/Users/viktorbirukov/Downloads/Diplom_2/target/allure-results"/>
    <property name="user.home" value="/Users/viktorbirukov"/>
    <property name="user.language" value="ru"/>
    <property name="java.specification.vendor" value="Oracle Corporation"/>
    <property name="java.version.date" value="2022-08-12"/>
    <property name="java.home" value="/Library/Java/JavaVirtualMachines/amazon-corretto-11.jdk/Contents/Home"/>
    <property name="file.separator" value="/"/>
    <property name="basedir" value="/Users/viktorbirukov/Downloads/Diplom_2"/>
    <property name="java.vm.compressedOopsMode" value="Zero based"/>
    <property name="line.separator" value="&#10;"/>
    <property name="java.specification.name" value="Java Platform API Specification"/>
    <property name="java.vm.specification.vendor" value="Oracle Corporation"/>
    <property name="java.awt.graphicsenv" value="sun.awt.CGraphicsEnvironment"/>
    <property name="surefire.real.class.path" value="/Users/viktorbirukov/Downloads/Diplom_2/target/surefire/surefirebooter5448980039380644853.jar"/>
    <property name="sun.management.compiler" value="HotSpot 64-Bit Tiered Compilers"/>
    <property name="ftp.nonProxyHosts" value="local|*.local|169.254/16|*.169.254/16"/>
    <property name="java.runtime.version" value="11.0.16.1+9-LTS"/>
    <property name="user.name" value="viktorbirukov"/>
    <property name="path.separator" value=":"/>
    <property name="os.version" value="12.4"/>
    <property name="java.runtime.name" value="OpenJDK Runtime Environment"/>
    <property name="file.encoding" value="UTF-8"/>
    <property name="java.vm.name" value="OpenJDK 64-Bit Server VM"/>
    <property name="java.vendor.version" value="Corretto-11.0.16.9.1"/>
    <property name="localRepository" value="/Users/viktorbirukov/.m2/repository"/>
    <property name="java.vendor.url.bug" value="https://github.com/corretto/corretto-11/issues/"/>
    <property name="java.io.tmpdir" value="/var/folders/66/3r7sgq313y921s3q1_5s3ks80000gn/T/"/>
    <property name="idea.version" value="2022.2.1"/>
    <property name="java.version" value="11.0.16.1"/>
    <property name="user.dir" value="/Users/viktorbirukov/Downloads/Diplom_2"/>
    <property name="os.arch" value="x86_64"/>
    <property name="java.vm.specification.name" value="Java Virtual Machine Specification"/>
    <property name="java.awt.printerjob" value="sun.lwawt.macosx.CPrinterJob"/>
    <property name="sun.os.patch.level" value="unknown"/>
    <property name="java.library.path" value="/Users/viktorbirukov/Library/Java/Extensions:/Library/Java/Extensions:/Network/Library/Java/Extensions:/System/Library/Java/Extensions:/usr/lib/java:."/>
    <property name="java.vm.info" value="mixed mode"/>
    <property name="java.vendor" value="Amazon.com Inc."/>
    <property name="java.vm.version" value="11.0.16.1+9-LTS"/>
    <property name="sun.io.unicode.encoding" value="UnicodeBig"/>
    <property name="java.class.version" value="55.0"/>
    <property name="socksNonProxyHosts" value="local|*.local|169.254/16|*.169.254/16"/>
  </properties>
  <testcase name="updatePasswordWithoutAuthTest" classname="UpdateUserTest" time="0.897"/>
  <testcase name="updatePasswordWithAuthTest" classname="UpdateUserTest" time="1.122"/>
  <testcase name="updateExistMailTest" classname="UpdateUserTest" time="1.236"/>
  <testcase name="updateAllUserDataWithAuthTest" classname="UpdateUserTest" time="1.193"/>
  <testcase name="updateAllUserDataWithoutAuthTest" classname="UpdateUserTest" time="0.856"/>
  <testcase name="updateNameWithAuthTest" classname="UpdateUserTest" time="0.845"/>
  <testcase name="updateNameWithoutAuthTest" classname="UpdateUserTest" time="0.818"/>
  <testcase name="updateMailWithAuthTest" classname="UpdateUserTest" time="0.881"/>
  <testcase name="updateMailWithoutAuthTest" classname="UpdateUserTest" time="0.777"/>
</testsuite>